Determining if the pthread_create exist failed with the following output:
Change Dir: /home/albert/ros/lab3/Lab_3_Resources/lab3/build/CMakeFiles/CMakeTmp

Run Build Command:"/usr/bin/make" "cmTC_63b6e/fast"
/usr/bin/make -f CMakeFiles/cmTC_63b6e.dir/build.make CMakeFiles/cmTC_63b6e.dir/build
make[1]: Entering directory '/home/albert/ros/lab3/Lab_3_Resources/lab3/build/CMakeFiles/CMakeTmp'
Building C object CMakeFiles/cmTC_63b6e.dir/CheckSymbolExists.c.o
/usr/bin/cc    -o CMakeFiles/cmTC_63b6e.dir/CheckSymbolExists.c.o   -c /home/albert/ros/lab3/Lab_3_Resources/lab3/build/CMakeFiles/CMakeTmp/CheckSymbolExists.c
Linking C executable cmTC_63b6e
/usr/bin/cmake -E cmake_link_script CMakeFiles/cmTC_63b6e.dir/link.txt --verbose=1
/usr/bin/cc      -rdynamic CMakeFiles/cmTC_63b6e.dir/CheckSymbolExists.c.o  -o cmTC_63b6e 
CMakeFiles/cmTC_63b6e.dir/CheckSymbolExists.c.o: In function `main':
CheckSymbolExists.c:(.text+0x1b): undefined reference to `pthread_create'
collect2: error: ld returned 1 exit status
CMakeFiles/cmTC_63b6e.dir/build.make:97: recipe for target 'cmTC_63b6e' failed
make[1]: *** [cmTC_63b6e] Error 1
make[1]: Leaving directory '/home/albert/ros/lab3/Lab_3_Resources/lab3/build/CMakeFiles/CMakeTmp'
Makefile:126: recipe for target 'cmTC_63b6e/fast' failed
make: *** [cmTC_63b6e/fast] Error 2

File /home/albert/ros/lab3/Lab_3_Resources/lab3/build/CMakeFiles/CMakeTmp/CheckSymbolExists.c:
/* */
#include <pthread.h>

int main(int argc, char** argv)
{
  (void)argv;
#ifndef pthread_create
  return ((int*)(&pthread_create))[argc];
#else
  (void)argc;
  return 0;
#endif
}

Determining if the function pthread_create exists in the pthreads failed with the following output:
Change Dir: /home/albert/ros/lab3/Lab_3_Resources/lab3/build/CMakeFiles/CMakeTmp

Run Build Command:"/usr/bin/make" "cmTC_bc8cd/fast"
/usr/bin/make -f CMakeFiles/cmTC_bc8cd.dir/build.make CMakeFiles/cmTC_bc8cd.dir/build
make[1]: Entering directory '/home/albert/ros/lab3/Lab_3_Resources/lab3/build/CMakeFiles/CMakeTmp'
Building C object CMakeFiles/cmTC_bc8cd.dir/CheckFunctionExists.c.o
/usr/bin/cc   -DCHECK_FUNCTION_EXISTS=pthread_create   -o CMakeFiles/cmTC_bc8cd.dir/CheckFunctionExists.c.o   -c /usr/share/cmake-3.10/Modules/CheckFunctionExists.c
Linking C executable cmTC_bc8cd
/usr/bin/cmake -E cmake_link_script CMakeFiles/cmTC_bc8cd.dir/link.txt --verbose=1
/usr/bin/cc  -DCHECK_FUNCTION_EXISTS=pthread_create    -rdynamic CMakeFiles/cmTC_bc8cd.dir/CheckFunctionExists.c.o  -o cmTC_bc8cd -lpthreads 
/usr/bin/x86_64-linux-gnu-ld: cannot find -lpthreads
collect2: error: ld returned 1 exit status
CMakeFiles/cmTC_bc8cd.dir/build.make:97: recipe for target 'cmTC_bc8cd' failed
make[1]: *** [cmTC_bc8cd] Error 1
make[1]: Leaving directory '/home/albert/ros/lab3/Lab_3_Resources/lab3/build/CMakeFiles/CMakeTmp'
Makefile:126: recipe for target 'cmTC_bc8cd/fast' failed
make: *** [cmTC_bc8cd/fast] Error 2


